Determining if the pthread_create exist failed with the following output:
Change Dir: /home/klyuchnikov/Desktop/gitmt_assembly_hydrocontinue/CMakeFiles/CMakeTmp

Run Build Command:"/usr/bin/make" "cmTC_6f7e2/fast"
/usr/bin/make -f CMakeFiles/cmTC_6f7e2.dir/build.make CMakeFiles/cmTC_6f7e2.dir/build
make[1]: Entering directory '/home/klyuchnikov/Desktop/gitmt_assembly_hydrocontinue/CMakeFiles/CMakeTmp'
Building C object CMakeFiles/cmTC_6f7e2.dir/CheckSymbolExists.c.o
/usr/bin/cc   -fPIC    -o CMakeFiles/cmTC_6f7e2.dir/CheckSymbolExists.c.o   -c /home/klyuchnikov/Desktop/gitmt_assembly_hydrocontinue/CMakeFiles/CMakeTmp/CheckSymbolExists.c
Linking C executable cmTC_6f7e2
/usr/bin/cmake -E cmake_link_script CMakeFiles/cmTC_6f7e2.dir/link.txt --verbose=1
/usr/bin/cc -fPIC     -rdynamic CMakeFiles/cmTC_6f7e2.dir/CheckSymbolExists.c.o  -o cmTC_6f7e2 
CMakeFiles/cmTC_6f7e2.dir/CheckSymbolExists.c.o: In function `main':
CheckSymbolExists.c:(.text+0x1b): undefined reference to `pthread_create'
collect2: error: ld returned 1 exit status
CMakeFiles/cmTC_6f7e2.dir/build.make:97: recipe for target 'cmTC_6f7e2' failed
make[1]: *** [cmTC_6f7e2] Error 1
make[1]: Leaving directory '/home/klyuchnikov/Desktop/gitmt_assembly_hydrocontinue/CMakeFiles/CMakeTmp'
Makefile:126: recipe for target 'cmTC_6f7e2/fast' failed
make: *** [cmTC_6f7e2/fast] Error 2

File /home/klyuchnikov/Desktop/gitmt_assembly_hydrocontinue/CMakeFiles/CMakeTmp/CheckSymbolExists.c:
/* */
#include <pthread.h>

int main(int argc, char** argv)
{
  (void)argv;
#ifndef pthread_create
  return ((int*)(&pthread_create))[argc];
#else
  (void)argc;
  return 0;
#endif
}

Determining if the function pthread_create exists in the pthreads failed with the following output:
Change Dir: /home/klyuchnikov/Desktop/gitmt_assembly_hydrocontinue/CMakeFiles/CMakeTmp

Run Build Command:"/usr/bin/make" "cmTC_f04f8/fast"
/usr/bin/make -f CMakeFiles/cmTC_f04f8.dir/build.make CMakeFiles/cmTC_f04f8.dir/build
make[1]: Entering directory '/home/klyuchnikov/Desktop/gitmt_assembly_hydrocontinue/CMakeFiles/CMakeTmp'
Building C object CMakeFiles/cmTC_f04f8.dir/CheckFunctionExists.c.o
/usr/bin/cc   -fPIC -DCHECK_FUNCTION_EXISTS=pthread_create   -o CMakeFiles/cmTC_f04f8.dir/CheckFunctionExists.c.o   -c /usr/share/cmake-3.10/Modules/CheckFunctionExists.c
Linking C executable cmTC_f04f8
/usr/bin/cmake -E cmake_link_script CMakeFiles/cmTC_f04f8.dir/link.txt --verbose=1
/usr/bin/cc -fPIC -DCHECK_FUNCTION_EXISTS=pthread_create    -rdynamic CMakeFiles/cmTC_f04f8.dir/CheckFunctionExists.c.o  -o cmTC_f04f8 -lpthreads 
/usr/bin/ld: cannot find -lpthreads
collect2: error: ld returned 1 exit status
CMakeFiles/cmTC_f04f8.dir/build.make:97: recipe for target 'cmTC_f04f8' failed
make[1]: *** [cmTC_f04f8] Error 1
make[1]: Leaving directory '/home/klyuchnikov/Desktop/gitmt_assembly_hydrocontinue/CMakeFiles/CMakeTmp'
Makefile:126: recipe for target 'cmTC_f04f8/fast' failed
make: *** [cmTC_f04f8/fast] Error 2


Determining if the pthread_create exist failed with the following output:
Change Dir: /home/klyuchnikov/Desktop/PROJECTS/MT/mt_assembly_hydrolysis/CMakeFiles/CMakeTmp

Run Build Command:"/usr/bin/make" "cmTC_b3a4e/fast"
make[1]: Entering directory '/home/klyuchnikov/Desktop/PROJECTS/MT/mt_assembly_hydrolysis/CMakeFiles/CMakeTmp'
/usr/bin/make -f CMakeFiles/cmTC_b3a4e.dir/build.make CMakeFiles/cmTC_b3a4e.dir/build
make[2]: Entering directory '/home/klyuchnikov/Desktop/PROJECTS/MT/mt_assembly_hydrolysis/CMakeFiles/CMakeTmp'
Building C object CMakeFiles/cmTC_b3a4e.dir/CheckSymbolExists.c.o
/usr/bin/cc   -fPIC    -o CMakeFiles/cmTC_b3a4e.dir/CheckSymbolExists.c.o   -c /home/klyuchnikov/Desktop/PROJECTS/MT/mt_assembly_hydrolysis/CMakeFiles/CMakeTmp/CheckSymbolExists.c
Linking C executable cmTC_b3a4e
/usr/bin/cmake -E cmake_link_script CMakeFiles/cmTC_b3a4e.dir/link.txt --verbose=1
/usr/bin/cc -fPIC     -rdynamic CMakeFiles/cmTC_b3a4e.dir/CheckSymbolExists.c.o  -o cmTC_b3a4e 
CMakeFiles/cmTC_b3a4e.dir/CheckSymbolExists.c.o: In function `main':
CheckSymbolExists.c:(.text+0x1b): undefined reference to `pthread_create'
collect2: error: ld returned 1 exit status
CMakeFiles/cmTC_b3a4e.dir/build.make:97: recipe for target 'cmTC_b3a4e' failed
make[2]: *** [cmTC_b3a4e] Error 1
make[2]: Leaving directory '/home/klyuchnikov/Desktop/PROJECTS/MT/mt_assembly_hydrolysis/CMakeFiles/CMakeTmp'
Makefile:126: recipe for target 'cmTC_b3a4e/fast' failed
make[1]: *** [cmTC_b3a4e/fast] Error 2
make[1]: Leaving directory '/home/klyuchnikov/Desktop/PROJECTS/MT/mt_assembly_hydrolysis/CMakeFiles/CMakeTmp'

File /home/klyuchnikov/Desktop/PROJECTS/MT/mt_assembly_hydrolysis/CMakeFiles/CMakeTmp/CheckSymbolExists.c:
/* */
#include <pthread.h>

int main(int argc, char** argv)
{
  (void)argv;
#ifndef pthread_create
  return ((int*)(&pthread_create))[argc];
#else
  (void)argc;
  return 0;
#endif
}

Determining if the function pthread_create exists in the pthreads failed with the following output:
Change Dir: /home/klyuchnikov/Desktop/PROJECTS/MT/mt_assembly_hydrolysis/CMakeFiles/CMakeTmp

Run Build Command:"/usr/bin/make" "cmTC_f8822/fast"
make[1]: Entering directory '/home/klyuchnikov/Desktop/PROJECTS/MT/mt_assembly_hydrolysis/CMakeFiles/CMakeTmp'
/usr/bin/make -f CMakeFiles/cmTC_f8822.dir/build.make CMakeFiles/cmTC_f8822.dir/build
make[2]: Entering directory '/home/klyuchnikov/Desktop/PROJECTS/MT/mt_assembly_hydrolysis/CMakeFiles/CMakeTmp'
Building C object CMakeFiles/cmTC_f8822.dir/CheckFunctionExists.c.o
/usr/bin/cc   -fPIC -DCHECK_FUNCTION_EXISTS=pthread_create   -o CMakeFiles/cmTC_f8822.dir/CheckFunctionExists.c.o   -c /usr/share/cmake-3.10/Modules/CheckFunctionExists.c
Linking C executable cmTC_f8822
/usr/bin/cmake -E cmake_link_script CMakeFiles/cmTC_f8822.dir/link.txt --verbose=1
/usr/bin/cc -fPIC -DCHECK_FUNCTION_EXISTS=pthread_create    -rdynamic CMakeFiles/cmTC_f8822.dir/CheckFunctionExists.c.o  -o cmTC_f8822 -lpthreads 
/usr/bin/ld: cannot find -lpthreads
collect2: error: ld returned 1 exit status
CMakeFiles/cmTC_f8822.dir/build.make:97: recipe for target 'cmTC_f8822' failed
make[2]: *** [cmTC_f8822] Error 1
make[2]: Leaving directory '/home/klyuchnikov/Desktop/PROJECTS/MT/mt_assembly_hydrolysis/CMakeFiles/CMakeTmp'
Makefile:126: recipe for target 'cmTC_f8822/fast' failed
make[1]: *** [cmTC_f8822/fast] Error 2
make[1]: Leaving directory '/home/klyuchnikov/Desktop/PROJECTS/MT/mt_assembly_hydrolysis/CMakeFiles/CMakeTmp'


Determining if the pthread_create exist failed with the following output:
Change Dir: /home/klyuchnikov/Desktop/PROJECTS/MT/mt_assembly_hydrolysis/CMakeFiles/CMakeTmp

Run Build Command:"/usr/bin/make" "cmTC_9ecb0/fast"
/usr/bin/make -f CMakeFiles/cmTC_9ecb0.dir/build.make CMakeFiles/cmTC_9ecb0.dir/build
make[1]: Entering directory '/home/klyuchnikov/Desktop/PROJECTS/MT/mt_assembly_hydrolysis/CMakeFiles/CMakeTmp'
Building C object CMakeFiles/cmTC_9ecb0.dir/CheckSymbolExists.c.o
/usr/bin/cc   -fPIC    -o CMakeFiles/cmTC_9ecb0.dir/CheckSymbolExists.c.o   -c /home/klyuchnikov/Desktop/PROJECTS/MT/mt_assembly_hydrolysis/CMakeFiles/CMakeTmp/CheckSymbolExists.c
Linking C executable cmTC_9ecb0
/usr/bin/cmake -E cmake_link_script CMakeFiles/cmTC_9ecb0.dir/link.txt --verbose=1
/usr/bin/cc -fPIC     -rdynamic CMakeFiles/cmTC_9ecb0.dir/CheckSymbolExists.c.o  -o cmTC_9ecb0 
CMakeFiles/cmTC_9ecb0.dir/CheckSymbolExists.c.o: In function `main':
CheckSymbolExists.c:(.text+0x1b): undefined reference to `pthread_create'
collect2: error: ld returned 1 exit status
CMakeFiles/cmTC_9ecb0.dir/build.make:97: recipe for target 'cmTC_9ecb0' failed
make[1]: *** [cmTC_9ecb0] Error 1
make[1]: Leaving directory '/home/klyuchnikov/Desktop/PROJECTS/MT/mt_assembly_hydrolysis/CMakeFiles/CMakeTmp'
Makefile:126: recipe for target 'cmTC_9ecb0/fast' failed
make: *** [cmTC_9ecb0/fast] Error 2

File /home/klyuchnikov/Desktop/PROJECTS/MT/mt_assembly_hydrolysis/CMakeFiles/CMakeTmp/CheckSymbolExists.c:
/* */
#include <pthread.h>

int main(int argc, char** argv)
{
  (void)argv;
#ifndef pthread_create
  return ((int*)(&pthread_create))[argc];
#else
  (void)argc;
  return 0;
#endif
}

Determining if the function pthread_create exists in the pthreads failed with the following output:
Change Dir: /home/klyuchnikov/Desktop/PROJECTS/MT/mt_assembly_hydrolysis/CMakeFiles/CMakeTmp

Run Build Command:"/usr/bin/make" "cmTC_e0ed3/fast"
/usr/bin/make -f CMakeFiles/cmTC_e0ed3.dir/build.make CMakeFiles/cmTC_e0ed3.dir/build
make[1]: Entering directory '/home/klyuchnikov/Desktop/PROJECTS/MT/mt_assembly_hydrolysis/CMakeFiles/CMakeTmp'
Building C object CMakeFiles/cmTC_e0ed3.dir/CheckFunctionExists.c.o
/usr/bin/cc   -fPIC -DCHECK_FUNCTION_EXISTS=pthread_create   -o CMakeFiles/cmTC_e0ed3.dir/CheckFunctionExists.c.o   -c /usr/share/cmake-3.10/Modules/CheckFunctionExists.c
Linking C executable cmTC_e0ed3
/usr/bin/cmake -E cmake_link_script CMakeFiles/cmTC_e0ed3.dir/link.txt --verbose=1
/usr/bin/cc -fPIC -DCHECK_FUNCTION_EXISTS=pthread_create    -rdynamic CMakeFiles/cmTC_e0ed3.dir/CheckFunctionExists.c.o  -o cmTC_e0ed3 -lpthreads 
/usr/bin/ld: cannot find -lpthreads
collect2: error: ld returned 1 exit status
CMakeFiles/cmTC_e0ed3.dir/build.make:97: recipe for target 'cmTC_e0ed3' failed
make[1]: *** [cmTC_e0ed3] Error 1
make[1]: Leaving directory '/home/klyuchnikov/Desktop/PROJECTS/MT/mt_assembly_hydrolysis/CMakeFiles/CMakeTmp'
Makefile:126: recipe for target 'cmTC_e0ed3/fast' failed
make: *** [cmTC_e0ed3/fast] Error 2


Determining if the pthread_create exist failed with the following output:
Change Dir: /home/klyuchnikov/Desktop/PROJECTS/MT/mt_assembly_hydrolysis/CMakeFiles/CMakeTmp

Run Build Command:"/usr/bin/make" "cmTC_c2943/fast"
/usr/bin/make -f CMakeFiles/cmTC_c2943.dir/build.make CMakeFiles/cmTC_c2943.dir/build
make[1]: Entering directory '/home/klyuchnikov/Desktop/PROJECTS/MT/mt_assembly_hydrolysis/CMakeFiles/CMakeTmp'
Building C object CMakeFiles/cmTC_c2943.dir/CheckSymbolExists.c.o
/usr/bin/cc   -fPIC    -o CMakeFiles/cmTC_c2943.dir/CheckSymbolExists.c.o   -c /home/klyuchnikov/Desktop/PROJECTS/MT/mt_assembly_hydrolysis/CMakeFiles/CMakeTmp/CheckSymbolExists.c
Linking C executable cmTC_c2943
/usr/bin/cmake -E cmake_link_script CMakeFiles/cmTC_c2943.dir/link.txt --verbose=1
/usr/bin/cc -fPIC     -rdynamic CMakeFiles/cmTC_c2943.dir/CheckSymbolExists.c.o  -o cmTC_c2943 
CMakeFiles/cmTC_c2943.dir/CheckSymbolExists.c.o: In function `main':
CheckSymbolExists.c:(.text+0x1b): undefined reference to `pthread_create'
collect2: error: ld returned 1 exit status
CMakeFiles/cmTC_c2943.dir/build.make:97: recipe for target 'cmTC_c2943' failed
make[1]: *** [cmTC_c2943] Error 1
make[1]: Leaving directory '/home/klyuchnikov/Desktop/PROJECTS/MT/mt_assembly_hydrolysis/CMakeFiles/CMakeTmp'
Makefile:126: recipe for target 'cmTC_c2943/fast' failed
make: *** [cmTC_c2943/fast] Error 2

File /home/klyuchnikov/Desktop/PROJECTS/MT/mt_assembly_hydrolysis/CMakeFiles/CMakeTmp/CheckSymbolExists.c:
/* */
#include <pthread.h>

int main(int argc, char** argv)
{
  (void)argv;
#ifndef pthread_create
  return ((int*)(&pthread_create))[argc];
#else
  (void)argc;
  return 0;
#endif
}

Determining if the function pthread_create exists in the pthreads failed with the following output:
Change Dir: /home/klyuchnikov/Desktop/PROJECTS/MT/mt_assembly_hydrolysis/CMakeFiles/CMakeTmp

Run Build Command:"/usr/bin/make" "cmTC_c9419/fast"
/usr/bin/make -f CMakeFiles/cmTC_c9419.dir/build.make CMakeFiles/cmTC_c9419.dir/build
make[1]: Entering directory '/home/klyuchnikov/Desktop/PROJECTS/MT/mt_assembly_hydrolysis/CMakeFiles/CMakeTmp'
Building C object CMakeFiles/cmTC_c9419.dir/CheckFunctionExists.c.o
/usr/bin/cc   -fPIC -DCHECK_FUNCTION_EXISTS=pthread_create   -o CMakeFiles/cmTC_c9419.dir/CheckFunctionExists.c.o   -c /usr/share/cmake-3.10/Modules/CheckFunctionExists.c
Linking C executable cmTC_c9419
/usr/bin/cmake -E cmake_link_script CMakeFiles/cmTC_c9419.dir/link.txt --verbose=1
/usr/bin/cc -fPIC -DCHECK_FUNCTION_EXISTS=pthread_create    -rdynamic CMakeFiles/cmTC_c9419.dir/CheckFunctionExists.c.o  -o cmTC_c9419 -lpthreads 
/usr/bin/ld: cannot find -lpthreads
collect2: error: ld returned 1 exit status
CMakeFiles/cmTC_c9419.dir/build.make:97: recipe for target 'cmTC_c9419' failed
make[1]: *** [cmTC_c9419] Error 1
make[1]: Leaving directory '/home/klyuchnikov/Desktop/PROJECTS/MT/mt_assembly_hydrolysis/CMakeFiles/CMakeTmp'
Makefile:126: recipe for target 'cmTC_c9419/fast' failed
make: *** [cmTC_c9419/fast] Error 2


Determining if the pthread_create exist failed with the following output:
Change Dir: /home/klyuchnikov/Desktop/PROJECTS/MT/mt_assembly_hydrolysis/CMakeFiles/CMakeTmp

Run Build Command:"/usr/bin/make" "cmTC_d5a33/fast"
/usr/bin/make -f CMakeFiles/cmTC_d5a33.dir/build.make CMakeFiles/cmTC_d5a33.dir/build
make[1]: Entering directory '/home/klyuchnikov/Desktop/PROJECTS/MT/mt_assembly_hydrolysis/CMakeFiles/CMakeTmp'
Building C object CMakeFiles/cmTC_d5a33.dir/CheckSymbolExists.c.o
/usr/bin/cc   -fPIC    -o CMakeFiles/cmTC_d5a33.dir/CheckSymbolExists.c.o   -c /home/klyuchnikov/Desktop/PROJECTS/MT/mt_assembly_hydrolysis/CMakeFiles/CMakeTmp/CheckSymbolExists.c
Linking C executable cmTC_d5a33
/usr/bin/cmake -E cmake_link_script CMakeFiles/cmTC_d5a33.dir/link.txt --verbose=1
/usr/bin/cc -fPIC     -rdynamic CMakeFiles/cmTC_d5a33.dir/CheckSymbolExists.c.o  -o cmTC_d5a33 
CMakeFiles/cmTC_d5a33.dir/CheckSymbolExists.c.o: In function `main':
CheckSymbolExists.c:(.text+0x1b): undefined reference to `pthread_create'
collect2: error: ld returned 1 exit status
CMakeFiles/cmTC_d5a33.dir/build.make:97: recipe for target 'cmTC_d5a33' failed
make[1]: *** [cmTC_d5a33] Error 1
make[1]: Leaving directory '/home/klyuchnikov/Desktop/PROJECTS/MT/mt_assembly_hydrolysis/CMakeFiles/CMakeTmp'
Makefile:126: recipe for target 'cmTC_d5a33/fast' failed
make: *** [cmTC_d5a33/fast] Error 2

File /home/klyuchnikov/Desktop/PROJECTS/MT/mt_assembly_hydrolysis/CMakeFiles/CMakeTmp/CheckSymbolExists.c:
/* */
#include <pthread.h>

int main(int argc, char** argv)
{
  (void)argv;
#ifndef pthread_create
  return ((int*)(&pthread_create))[argc];
#else
  (void)argc;
  return 0;
#endif
}

Determining if the function pthread_create exists in the pthreads failed with the following output:
Change Dir: /home/klyuchnikov/Desktop/PROJECTS/MT/mt_assembly_hydrolysis/CMakeFiles/CMakeTmp

Run Build Command:"/usr/bin/make" "cmTC_909d4/fast"
/usr/bin/make -f CMakeFiles/cmTC_909d4.dir/build.make CMakeFiles/cmTC_909d4.dir/build
make[1]: Entering directory '/home/klyuchnikov/Desktop/PROJECTS/MT/mt_assembly_hydrolysis/CMakeFiles/CMakeTmp'
Building C object CMakeFiles/cmTC_909d4.dir/CheckFunctionExists.c.o
/usr/bin/cc   -fPIC -DCHECK_FUNCTION_EXISTS=pthread_create   -o CMakeFiles/cmTC_909d4.dir/CheckFunctionExists.c.o   -c /usr/share/cmake-3.10/Modules/CheckFunctionExists.c
Linking C executable cmTC_909d4
/usr/bin/cmake -E cmake_link_script CMakeFiles/cmTC_909d4.dir/link.txt --verbose=1
/usr/bin/cc -fPIC -DCHECK_FUNCTION_EXISTS=pthread_create    -rdynamic CMakeFiles/cmTC_909d4.dir/CheckFunctionExists.c.o  -o cmTC_909d4 -lpthreads 
/usr/bin/ld: cannot find -lpthreads
collect2: error: ld returned 1 exit status
CMakeFiles/cmTC_909d4.dir/build.make:97: recipe for target 'cmTC_909d4' failed
make[1]: *** [cmTC_909d4] Error 1
make[1]: Leaving directory '/home/klyuchnikov/Desktop/PROJECTS/MT/mt_assembly_hydrolysis/CMakeFiles/CMakeTmp'
Makefile:126: recipe for target 'cmTC_909d4/fast' failed
make: *** [cmTC_909d4/fast] Error 2


